List of Users        
------------------------------------------------------------
root                 0                    /bin/bash           
daemon               1                    /usr/sbin/nologin   
bin                  2                    /usr/sbin/nologin   
sys                  3                    /usr/sbin/nologin   
sync                 65534                /bin/sync           
games                60                   /usr/sbin/nologin   
man                  12                   /usr/sbin/nologin   
lp                   7                    /usr/sbin/nologin   
mail                 8                    /usr/sbin/nologin   
news                 9                    /usr/sbin/nologin   
uucp                 10                   /usr/sbin/nologin   
proxy                13                   /usr/sbin/nologin   
www-data             33                   /usr/sbin/nologin   
backup               34                   /usr/sbin/nologin   
list                 38                   /usr/sbin/nologin   
irc                  39                   /usr/sbin/nologin   
gnats                41                   /usr/sbin/nologin   
nobody               65534                /usr/sbin/nologin   
systemd-network      102                  /usr/sbin/nologin   
systemd-resolve      103                  /usr/sbin/nologin   
messagebus           105                  /usr/sbin/nologin   
systemd-timesync     106                  /usr/sbin/nologin   
syslog               111                  /usr/sbin/nologin   
_apt                 65534                /usr/sbin/nologin   
tss                  113                  /bin/false          
uuidd                116                  /usr/sbin/nologin   
systemd-oom          117                  /usr/sbin/nologin   
tcpdump              118                  /usr/sbin/nologin   
avahi-autoipd        119                  /usr/sbin/nologin   
usbmux               46                   /usr/sbin/nologin   
dnsmasq              65534                /usr/sbin/nologin   
kernoops             65534                /usr/sbin/nologin   
avahi                121                  /usr/sbin/nologin   
cups-pk-helper       122                  /usr/sbin/nologin   
rtkit                123                  /usr/sbin/nologin   
whoopsie             124                  /bin/false          
sssd                 125                  /usr/sbin/nologin   
speech-dispatcher    29                   /bin/false          
fwupd-refresh        126                  /usr/sbin/nologin   
nm-openvpn           127                  /usr/sbin/nologin   
saned                129                  /usr/sbin/nologin   
colord               130                  /usr/sbin/nologin   
geoclue              131                  /usr/sbin/nologin   
pulse                132                  /usr/sbin/nologin   
gnome-initial-setup  65534                /bin/false          
hplip                7                    /bin/false          
gdm                  134                  /bin/false          
dagaz                1000                 /bin/bash           
vboxadd              1                    /bin/false          
kwert                998                  /bin/bash           
------------------------------------------------------------
Shell Path Statistics:
/bin/false: 7
/bin/bash: 3
/bin/sync: 1
/usr/sbin/nologin: 39
